<?xml version="1.0" encoding="UTF-8"?>
<!-- Generated by org.testng.reporters.JUnitXMLReporter -->
<testsuite hostname="DESKTOP-8G3MUB9" ignored="0" name="Iteration1" tests="4" failures="1" timestamp="2021-03-10T22:10:25 IST" time="53.685" errors="0">
  <testcase name="launch" time="19.19" classname="Tests.LoginTestwithXml"/>
  <testcase name="uidTest" time="7.074" classname="Tests.LoginTestwithXml"/>
  <testcase name="pwdTest" time="26.118" classname="Tests.LoginTestwithXml">
    <failure type="java.lang.AssertionError" message="null">
      <![CDATA[java.lang.AssertionError: null
at Tests.LoginTestwithXml.pwdTest(LoginTestwithXml.java:173)
at java.util.ArrayList.forEach(Unknown Source)
at java.util.concurrent.FutureTask.run(Unknown Source)
at java.util.concurrent.ThreadPoolExecutor.runWorker(Unknown Source)
at java.util.concurrent.ThreadPoolExecutor$Worker.run(Unknown Source)
at java.lang.Thread.run(Unknown Source)
... Removed 20 stack frames]]>
    </failure>
  </testcase> <!-- pwdTest -->
  <testcase name="close" time="1.203" classname="Tests.LoginTestwithXml"/>
</testsuite> <!-- Iteration1 -->
