<?xml version="1.0" encoding="UTF-8"?>
<!-- Generated by org.testng.reporters.JUnitXMLReporter -->
<testsuite hostname="DESKTOP-8G3MUB9" ignored="0" name="Iteration2" tests="4" failures="0" timestamp="2021-03-10T22:10:10 IST" time="38.781" errors="0">
  <testcase name="launch" time="18.806" classname="Tests.LoginTestwithXml"/>
  <testcase name="uidTest" time="6.915" classname="Tests.LoginTestwithXml"/>
  <testcase name="pwdTest" time="0.002" classname="Tests.LoginTestwithXml"/>
  <testcase name="close" time="12.957" classname="Tests.LoginTestwithXml"/>
</testsuite> <!-- Iteration2 -->
