<?xml version="1.0" encoding="UTF-8"?>
<!-- Generated by org.testng.reporters.JUnitXMLReporter -->
<testsuite hostname="DESKTOP-8G3MUB9" ignored="0" name="Test" tests="4" failures="4" timestamp="2021-03-12T12:31:26 IST" time="0.098" errors="0">
  <testcase name="@AfterClass method4" time="0.003" classname="Tests.MailSentTestwithDp">
    <failure type="java.lang.NullPointerException">
      <![CDATA[java.lang.NullPointerException
at Tests.MailSentTestwithDp.method4(MailSentTestwithDp.java:127)
at java.util.ArrayList.forEach(Unknown Source)
... Removed 25 stack frames]]>
    </failure>
  </testcase> <!-- @AfterClass method4 -->
  <testcase name="mailSentTest" time="0.011" classname="Tests.MailSentTestwithDp">
    <failure type="java.lang.NullPointerException">
      <![CDATA[java.lang.NullPointerException
at Tests.MailSentTestwithDp.mailSentTest(MailSentTestwithDp.java:65)
at java.util.ArrayList.forEach(Unknown Source)
... Removed 27 stack frames]]>
    </failure>
  </testcase> <!-- mailSentTest -->
  <testcase name="mailSentTest" time="0.002" classname="Tests.MailSentTestwithDp">
    <failure type="java.lang.NullPointerException">
      <![CDATA[java.lang.NullPointerException
at Tests.MailSentTestwithDp.mailSentTest(MailSentTestwithDp.java:65)
at java.util.ArrayList.forEach(Unknown Source)
... Removed 27 stack frames]]>
    </failure>
  </testcase> <!-- mailSentTest -->
  <testcase name="mailSentTest" time="0.002" classname="Tests.MailSentTestwithDp">
    <failure type="java.lang.NullPointerException">
      <![CDATA[java.lang.NullPointerException
at Tests.MailSentTestwithDp.mailSentTest(MailSentTestwithDp.java:65)
at java.util.ArrayList.forEach(Unknown Source)
... Removed 27 stack frames]]>
    </failure>
  </testcase> <!-- mailSentTest -->
  <testcase name="mailSentTest" time="0.002" classname="Tests.MailSentTestwithDp">
    <failure type="java.lang.NullPointerException">
      <![CDATA[java.lang.NullPointerException
at Tests.MailSentTestwithDp.mailSentTest(MailSentTestwithDp.java:65)
at java.util.ArrayList.forEach(Unknown Source)
... Removed 27 stack frames]]>
    </failure>
  </testcase> <!-- mailSentTest -->
</testsuite> <!-- Test -->
