<?xml version="1.0" encoding="UTF-8"?>
<!-- Generated by org.testng.reporters.JUnitReportReporter -->
<testsuite skipped="0" hostname="DESKTOP-8G3MUB9" name="Tests.Test3" tests="4" failures="0" timestamp="2021-05-16T16:21:28 IST" time="29.187" errors="0">
  <testcase name="launch" time="8.753" classname="Tests.Test3"/>
  <system-out/>
  <testcase name="rowValues" time="1.752" classname="Tests.Test3"/>
  <system-out>
test passed[First Name, Last Name, Post Code, Account Number, Delete Customer, 1001 1002 1003, Delete, 1004 1005 1006, Delete, 1007 1008 1009, Delete, 1010 1011 1012, Delete, 1013 1014 1015, Delete] test passed5 test passed[Hermoine Granger E859AB 1001 1002 1003 Delete, Harry Potter E725JB 1004 1005 1006 Delete, Ron Weasly E55555 1007 1008 1009 Delete, Albus Dumbledore E55656 1010 1011 1012 Delete, Neville Longbottom E89898 1013 1014 1015 Delete] column size15 test passed[Hermoine, Granger, E859AB, Harry, Potter, E725JB, Ron, Weasly, E55555, Albus, Dumbledore, E55656, Neville, Longbottom, E89898]  </system-out>
  <testcase name="validation" time="0.207" classname="Tests.Test3"/>
  <system-out>
test passed[Hermoine]  </system-out>
  <testcase name="validationDropDown" time="18.475" classname="Tests.Test3"/>
  <system-out>
actual values[Hermoine, Granger, E859AB, Harry, Potter, E725JB, Ron, Weasly, E55555, Albus, Dumbledore, E55656, Neville, Longbottom, E89898, praneetha, mullapudi, 533346] test paasedpraneetha  </system-out>
</testsuite> <!-- Tests.Test3 -->
