<?xml version="1.0" encoding="UTF-8"?>
<testng-results skipped="0" failed="0" ignored="0" total="4" passed="4">
  <reporter-output>
    <line>
      <![CDATA[test passed[First Name, Last Name, Post Code, Account Number, Delete Customer, 1001 1002 1003, Delete, 1004 1005 1006, Delete, 1007 1008 1009, Delete, 1010 1011 1012, Delete, 1013 1014 1015, Delete]]]>
    </line>
    <line>
      <![CDATA[test passed5]]>
    </line>
    <line>
      <![CDATA[test passed[Hermoine Granger E859AB 1001 1002 1003 Delete, Harry Potter E725JB 1004 1005 1006 Delete, Ron Weasly E55555 1007 1008 1009 Delete, Albus Dumbledore E55656 1010 1011 1012 Delete, Neville Longbottom E89898 1013 1014 1015 Delete]]]>
    </line>
    <line>
      <![CDATA[column size15]]>
    </line>
    <line>
      <![CDATA[test passed[Hermoine, Granger, E859AB, Harry, Potter, E725JB, Ron, Weasly, E55555, Albus, Dumbledore, E55656, Neville, Longbottom, E89898]]]>
    </line>
    <line>
      <![CDATA[test passed[Hermoine]]]>
    </line>
    <line>
      <![CDATA[actual values[Hermoine, Granger, E859AB, Harry, Potter, E725JB, Ron, Weasly, E55555, Albus, Dumbledore, E55656, Neville, Longbottom, E89898, praneetha, mullapudi, 533346]]]>
    </line>
    <line>
      <![CDATA[test paasedpraneetha]]>
    </line>
  </reporter-output>
  <suite name="Suite" duration-ms="29350" started-at="2021-05-16T16:20:58 IST" finished-at="2021-05-16T16:21:28 IST">
    <groups>
    </groups>
    <test name="Test" duration-ms="14" started-at="2021-05-16T16:20:58 IST" finished-at="2021-05-16T16:20:58 IST">
    </test> <!-- Test -->
    <test name="Iteration5" duration-ms="29273" started-at="2021-05-16T16:20:58 IST" finished-at="2021-05-16T16:21:28 IST">
      <class name="Tests.Test3">
        <test-method status="PASS" signature="setUp()[pri:0, instance:Tests.Test3@2db7a79b]" name="setUp" is-config="true" duration-ms="32" started-at="2021-05-16T16:20:58 IST" finished-at="2021-05-16T16:20:58 IST">
          <reporter-output>
          </reporter-output>
        </test-method> <!-- setUp -->
        <test-method status="PASS" signature="launch(java.lang.String)[pri:1, instance:Tests.Test3@2db7a79b]" name="launch" duration-ms="8753" started-at="2021-05-16T16:20:58 IST" finished-at="2021-05-16T16:21:07 IST">
          <params>
            <param index="0">
              <value>
                <![CDATA[chrome]]>
              </value>
            </param>
          </params>
          <reporter-output>
          </reporter-output>
        </test-method> <!-- launch -->
        <test-method status="PASS" signature="rowValues()[pri:2, instance:Tests.Test3@2db7a79b]" name="rowValues" duration-ms="1752" started-at="2021-05-16T16:21:07 IST" finished-at="2021-05-16T16:21:09 IST">
          <reporter-output>
            <line>
              <![CDATA[test passed[First Name, Last Name, Post Code, Account Number, Delete Customer, 1001 1002 1003, Delete, 1004 1005 1006, Delete, 1007 1008 1009, Delete, 1010 1011 1012, Delete, 1013 1014 1015, Delete]]]>
            </line>
            <line>
              <![CDATA[test passed5]]>
            </line>
            <line>
              <![CDATA[test passed[Hermoine Granger E859AB 1001 1002 1003 Delete, Harry Potter E725JB 1004 1005 1006 Delete, Ron Weasly E55555 1007 1008 1009 Delete, Albus Dumbledore E55656 1010 1011 1012 Delete, Neville Longbottom E89898 1013 1014 1015 Delete]]]>
            </line>
            <line>
              <![CDATA[column size15]]>
            </line>
            <line>
              <![CDATA[test passed[Hermoine, Granger, E859AB, Harry, Potter, E725JB, Ron, Weasly, E55555, Albus, Dumbledore, E55656, Neville, Longbottom, E89898]]]>
            </line>
          </reporter-output>
        </test-method> <!-- rowValues -->
        <test-method status="PASS" signature="validation(java.lang.String)[pri:3, instance:Tests.Test3@2db7a79b]" name="validation" duration-ms="207" started-at="2021-05-16T16:21:09 IST" finished-at="2021-05-16T16:21:09 IST">
          <params>
            <param index="0">
              <value>
                <![CDATA[he]]>
              </value>
            </param>
          </params>
          <reporter-output>
            <line>
              <![CDATA[test passed[Hermoine]]]>
            </line>
          </reporter-output>
        </test-method> <!-- validation -->
        <test-method status="PASS" signature="validationDropDown(java.lang.String, java.lang.String, java.lang.String)[pri:4, instance:Tests.Test3@2db7a79b]" name="validationDropDown" duration-ms="18475" started-at="2021-05-16T16:21:09 IST" finished-at="2021-05-16T16:21:28 IST">
          <params>
            <param index="0">
              <value>
                <![CDATA[praneetha]]>
              </value>
            </param>
            <param index="1">
              <value>
                <![CDATA[mullapudi]]>
              </value>
            </param>
            <param index="2">
              <value>
                <![CDATA[533346]]>
              </value>
            </param>
          </params>
          <reporter-output>
            <line>
              <![CDATA[actual values[Hermoine, Granger, E859AB, Harry, Potter, E725JB, Ron, Weasly, E55555, Albus, Dumbledore, E55656, Neville, Longbottom, E89898, praneetha, mullapudi, 533346]]]>
            </line>
            <line>
              <![CDATA[test paasedpraneetha]]>
            </line>
          </reporter-output>
        </test-method> <!-- validationDropDown -->
      </class> <!-- Tests.Test3 -->
    </test> <!-- Iteration5 -->
  </suite> <!-- Suite -->
</testng-results>
