<?xml version="1.0" encoding="UTF-8"?>
<!-- Generated by org.testng.reporters.JUnitXMLReporter -->
<testsuite hostname="KALAMSIR-PC" ignored="0" name="Iteration5" tests="4" failures="0" timestamp="2021-01-09T11:39:03 IST" time="29.556" errors="0">
  <testcase name="launch" time="16.711" classname="tests.LoginTestWithXml"/>
  <testcase name="uidTest" time="6.039" classname="tests.LoginTestWithXml"/>
  <testcase name="pwdTest" time="5.859" classname="tests.LoginTestWithXml"/>
  <testcase name="close" time="0.897" classname="tests.LoginTestWithXml"/>
</testsuite> <!-- Iteration5 -->
