<?xml version="1.0" encoding="UTF-8"?>
<!-- Generated by org.testng.reporters.JUnitXMLReporter -->
<testsuite hostname="KALAMSIR-PC" ignored="0" name="Iteration3" tests="4" failures="0" timestamp="2021-01-09T11:38:57 IST" time="23.853" errors="0">
  <testcase name="launch" time="16.263" classname="tests.LoginTestWithXml"/>
  <testcase name="uidTest" time="6.248" classname="tests.LoginTestWithXml"/>
  <testcase name="pwdTest" time="0.0" classname="tests.LoginTestWithXml"/>
  <testcase name="close" time="1.294" classname="tests.LoginTestWithXml"/>
</testsuite> <!-- Iteration3 -->
