<?xml version="1.0" encoding="UTF-8"?>
<!-- Generated by org.testng.reporters.JUnitXMLReporter -->
<testsuite hostname="KALAMSIR-PC" ignored="0" name="Iteration2" tests="4" failures="0" timestamp="2021-01-09T11:38:57 IST" time="23.797" errors="0">
  <testcase name="launch" time="16.112" classname="tests.LoginTestWithXml"/>
  <testcase name="uidTest" time="5.999" classname="tests.LoginTestWithXml"/>
  <testcase name="pwdTest" time="0.001" classname="tests.LoginTestWithXml"/>
  <testcase name="close" time="1.631" classname="tests.LoginTestWithXml"/>
</testsuite> <!-- Iteration2 -->
