<?xml version="1.0" encoding="UTF-8"?>
<!-- Generated by org.testng.reporters.JUnitXMLReporter -->
<testsuite hostname="KALAMSIR-PC" ignored="0" name="Test1" tests="4" failures="0" timestamp="2021-01-08T21:48:21 IST" time="24.945" errors="0">
  <testcase name="launch" time="7.537" classname="tests.LoginTestWithXml"/>
  <testcase name="uidTest" time="5.36" classname="tests.LoginTestWithXml"/>
  <testcase name="pwdTest" time="11.322" classname="tests.LoginTestWithXml"/>
  <testcase name="close" time="0.682" classname="tests.LoginTestWithXml"/>
</testsuite> <!-- Test1 -->
