<?xml version="1.0" encoding="UTF-8"?>
<!-- Generated by org.testng.reporters.JUnitXMLReporter -->
<testsuite hostname="KALAMSIR-PC" ignored="0" name="Test" tests="3" failures="1" timestamp="2021-01-03T09:14:45 IST" time="0.071" errors="0">
  <testcase name="method1" time="0.008" classname="practice.Dummy18"/>
  <testcase name="method2" time="0.001" classname="practice.Dummy18">
    <failure type="java.lang.AssertionError" message="expected [true] but found [false]">
      <![CDATA[java.lang.AssertionError: expected [true] but found [false]
at practice.Dummy18.method2(Dummy18.java:19)
at java.util.ArrayList.forEach(ArrayList.java:1249)
... Removed 31 stack frames]]>
    </failure>
  </testcase> <!-- method2 -->
  <testcase name="method3" time="0.0" classname="practice.Dummy18">
    <skipped/>
  </testcase> <!-- method3 -->
</testsuite> <!-- Test -->
