<?xml version="1.0" encoding="UTF-8"?>
<!-- Generated by org.testng.reporters.JUnitXMLReporter -->
<testsuite hostname="KALAMSIR-PC" ignored="0" name="Test3" tests="4" failures="0" timestamp="2021-01-08T21:48:45 IST" time="11.485" errors="0">
  <testcase name="launch" time="5.549" classname="tests.LoginTestWithXml"/>
  <testcase name="uidTest" time="5.349" classname="tests.LoginTestWithXml"/>
  <testcase name="pwdTest" time="0.001" classname="tests.LoginTestWithXml"/>
  <testcase name="close" time="0.583" classname="tests.LoginTestWithXml"/>
</testsuite> <!-- Test3 -->
