<?xml version="1.0" encoding="UTF-8"?>
<!-- Generated by org.testng.reporters.JUnitXMLReporter -->
<testsuite hostname="DESKTOP-8G3MUB9" ignored="0" name="Iteration5" tests="4" failures="0" timestamp="2021-05-17T09:57:28 IST" time="29.747" errors="0">
  <testcase name="launch" time="9.447" classname="Tests.Test3"/>
  <testcase name="rowValues" time="2.234" classname="Tests.Test3"/>
  <testcase name="validation" time="0.214" classname="Tests.Test3"/>
  <testcase name="validationDropDown" time="17.723" classname="Tests.Test3"/>
</testsuite> <!-- Iteration5 -->
